mode: atomic
github.com/IBM/ibmcloud-volume-interface/lib/utils/messages.go:36.35,38.2 1 2
github.com/IBM/ibmcloud-volume-interface/lib/utils/messages.go:41.34,43.2 1 2
github.com/IBM/ibmcloud-volume-interface/lib/utils/time_tracker.go:27.56,31.2 2 1
github.com/IBM/ibmcloud-volume-interface/lib/utils/data_utils.go:22.40,23.14 1 2
github.com/IBM/ibmcloud-volume-interface/lib/utils/data_utils.go:26.2,26.11 1 1
github.com/IBM/ibmcloud-volume-interface/lib/utils/data_utils.go:23.14,25.3 1 1
github.com/IBM/ibmcloud-volume-interface/lib/utils/data_utils.go:31.37,33.2 1 1
github.com/IBM/ibmcloud-volume-interface/lib/utils/error_types.go:64.37,66.8 2 3
github.com/IBM/ibmcloud-volume-interface/lib/utils/error_types.go:69.2,69.24 1 3
github.com/IBM/ibmcloud-volume-interface/lib/utils/error_types.go:66.8,68.3 1 0
github.com/IBM/ibmcloud-volume-interface/lib/utils/error_utils.go:34.79,36.2 1 18
github.com/IBM/ibmcloud-volume-interface/lib/utils/error_utils.go:42.123,43.16 1 23
github.com/IBM/ibmcloud-volume-interface/lib/utils/error_utils.go:46.2,47.28 2 23
github.com/IBM/ibmcloud-volume-interface/lib/utils/error_utils.go:55.2,62.3 1 23
github.com/IBM/ibmcloud-volume-interface/lib/utils/error_utils.go:43.16,45.3 1 2
github.com/IBM/ibmcloud-volume-interface/lib/utils/error_utils.go:47.28,48.15 1 29
github.com/IBM/ibmcloud-volume-interface/lib/utils/error_utils.go:48.15,50.47 2 23
github.com/IBM/ibmcloud-volume-interface/lib/utils/error_utils.go:50.47,52.5 1 4
github.com/IBM/ibmcloud-volume-interface/lib/utils/error_utils.go:67.48,68.75 1 6
github.com/IBM/ibmcloud-volume-interface/lib/utils/error_utils.go:71.2,71.19 1 3
github.com/IBM/ibmcloud-volume-interface/lib/utils/error_utils.go:68.75,70.3 1 3
github.com/IBM/ibmcloud-volume-interface/lib/utils/error_utils.go:75.55,76.50 1 2
github.com/IBM/ibmcloud-volume-interface/lib/utils/error_utils.go:81.2,81.37 1 1
github.com/IBM/ibmcloud-volume-interface/lib/utils/error_utils.go:76.50,77.38 1 1
github.com/IBM/ibmcloud-volume-interface/lib/utils/error_utils.go:77.38,79.4 1 1
github.com/IBM/ibmcloud-volume-interface/lib/utils/error_utils.go:86.46,87.16 1 4
github.com/IBM/ibmcloud-volume-interface/lib/utils/error_utils.go:90.2,90.50 1 2
github.com/IBM/ibmcloud-volume-interface/lib/utils/error_utils.go:93.2,96.3 1 1
github.com/IBM/ibmcloud-volume-interface/lib/utils/error_utils.go:87.16,89.3 1 2
github.com/IBM/ibmcloud-volume-interface/lib/utils/error_utils.go:90.50,92.3 1 1
github.com/IBM/ibmcloud-volume-interface/lib/utils/error_utils.go:101.48,102.18 1 2
github.com/IBM/ibmcloud-volume-interface/lib/utils/error_utils.go:105.2,105.38 1 1
github.com/IBM/ibmcloud-volume-interface/lib/utils/error_utils.go:102.18,104.3 1 1
github.com/IBM/ibmcloud-volume-interface/lib/utils/error_utils.go:109.64,111.74 2 4
github.com/IBM/ibmcloud-volume-interface/lib/utils/error_utils.go:114.2,115.33 2 3
github.com/IBM/ibmcloud-volume-interface/lib/utils/error_utils.go:118.2,119.12 2 1
github.com/IBM/ibmcloud-volume-interface/lib/utils/error_utils.go:111.74,113.3 1 1
github.com/IBM/ibmcloud-volume-interface/lib/utils/error_utils.go:115.33,117.3 1 2
github.com/IBM/ibmcloud-volume-interface/lib/utils/error_utils.go:125.40,126.50 1 3
github.com/IBM/ibmcloud-volume-interface/lib/utils/error_utils.go:132.2,132.23 1 2
github.com/IBM/ibmcloud-volume-interface/lib/utils/error_utils.go:126.50,130.3 1 1
github.com/IBM/ibmcloud-volume-interface/lib/utils/error_utils.go:143.101,149.2 1 0
github.com/IBM/ibmcloud-volume-interface/lib/utils/error_utils.go:152.76,155.20 3 0
github.com/IBM/ibmcloud-volume-interface/lib/utils/error_utils.go:172.2,172.12 1 0
github.com/IBM/ibmcloud-volume-interface/lib/utils/error_utils.go:155.20,158.17 3 0
github.com/IBM/ibmcloud-volume-interface/lib/utils/error_utils.go:161.3,161.17 1 0
github.com/IBM/ibmcloud-volume-interface/lib/utils/error_utils.go:165.3,165.32 1 0
github.com/IBM/ibmcloud-volume-interface/lib/utils/error_utils.go:168.3,169.58 2 0
github.com/IBM/ibmcloud-volume-interface/lib/utils/error_utils.go:158.17,159.9 1 0
github.com/IBM/ibmcloud-volume-interface/lib/utils/error_utils.go:161.17,163.4 1 0
github.com/IBM/ibmcloud-volume-interface/lib/utils/error_utils.go:165.32,166.9 1 0
github.com/IBM/ibmcloud-volume-interface/provider/auth/apikey.go:27.147,34.2 1 1
github.com/IBM/ibmcloud-volume-interface/provider/auth/factory.go:36.184,40.16 3 1
github.com/IBM/ibmcloud-volume-interface/provider/auth/factory.go:43.2,47.8 1 1
github.com/IBM/ibmcloud-volume-interface/provider/auth/factory.go:40.16,42.3 1 0
github.com/IBM/ibmcloud-volume-interface/provider/auth/ims_token.go:39.133,41.16 2 0
github.com/IBM/ibmcloud-volume-interface/provider/auth/ims_token.go:47.2,48.16 2 0
github.com/IBM/ibmcloud-volume-interface/provider/auth/ims_token.go:54.2,54.39 1 0
github.com/IBM/ibmcloud-volume-interface/provider/auth/ims_token.go:41.16,45.3 2 0
github.com/IBM/ibmcloud-volume-interface/provider/auth/ims_token.go:48.16,52.3 2 0
github.com/IBM/ibmcloud-volume-interface/provider/auth/ims_token.go:58.138,60.16 2 0
github.com/IBM/ibmcloud-volume-interface/provider/auth/ims_token.go:66.2,66.49 1 0
github.com/IBM/ibmcloud-volume-interface/provider/auth/ims_token.go:60.16,64.3 2 0
github.com/IBM/ibmcloud-volume-interface/provider/auth/ims_token.go:70.129,72.16 2 0
github.com/IBM/ibmcloud-volume-interface/provider/auth/ims_token.go:76.2,77.16 2 0
github.com/IBM/ibmcloud-volume-interface/provider/auth/ims_token.go:82.2,82.61 1 0
github.com/IBM/ibmcloud-volume-interface/provider/auth/ims_token.go:72.16,75.3 2 0
github.com/IBM/ibmcloud-volume-interface/provider/auth/ims_token.go:77.16,80.3 2 0
github.com/IBM/ibmcloud-volume-interface/provider/auth/ims_token.go:86.91,93.2 1 0
github.com/IBM/ibmcloud-volume-interface/provider/auth/ims_token.go:96.106,102.2 1 0
github.com/IBM/ibmcloud-volume-interface/config/config.go:30.32,32.2 1 12
github.com/IBM/ibmcloud-volume-interface/config/config.go:35.25,36.46 1 7
github.com/IBM/ibmcloud-volume-interface/config/config.go:39.2,39.11 1 5
github.com/IBM/ibmcloud-volume-interface/config/config.go:36.46,38.3 1 2
github.com/IBM/ibmcloud-volume-interface/config/config.go:53.71,55.20 1 2
github.com/IBM/ibmcloud-volume-interface/config/config.go:60.2,65.19 4 2
github.com/IBM/ibmcloud-volume-interface/config/config.go:55.20,57.3 1 1
github.com/IBM/ibmcloud-volume-interface/config/config.go:69.27,70.62 1 2
github.com/IBM/ibmcloud-volume-interface/config/config.go:74.2,74.29 1 1
github.com/IBM/ibmcloud-volume-interface/config/config.go:70.62,72.3 1 1
github.com/IBM/ibmcloud-volume-interface/config/config.go:78.30,79.62 1 2
github.com/IBM/ibmcloud-volume-interface/config/config.go:83.2,83.21 1 1
github.com/IBM/ibmcloud-volume-interface/config/config.go:79.62,81.3 1 1
github.com/IBM/ibmcloud-volume-interface/config/config.go:87.34,89.2 1 3
github.com/IBM/ibmcloud-volume-interface/config/config.go:92.79,94.16 2 5
github.com/IBM/ibmcloud-volume-interface/config/config.go:98.2,99.16 2 5
github.com/IBM/ibmcloud-volume-interface/config/config.go:102.2,102.12 1 5
github.com/IBM/ibmcloud-volume-interface/config/config.go:94.16,96.3 1 1
github.com/IBM/ibmcloud-volume-interface/config/config.go:99.16,101.3 1 0
github.com/IBM/ibmcloud-volume-interface/config/config.go:200.26,205.2 3 5
github.com/IBM/ibmcloud-volume-interface/config/tls.go:27.50,43.2 2 1
github.com/IBM/ibmcloud-volume-interface/config/tls.go:46.82,59.2 2 1
github.com/IBM/ibmcloud-volume-interface/provider/iam/token_exchange.go:52.126,57.2 1 1
github.com/IBM/ibmcloud-volume-interface/provider/iam/token_exchange.go:60.91,62.16 2 16
github.com/IBM/ibmcloud-volume-interface/provider/iam/token_exchange.go:65.2,68.8 1 16
github.com/IBM/ibmcloud-volume-interface/provider/iam/token_exchange.go:62.16,64.3 1 0
github.com/IBM/ibmcloud-volume-interface/provider/iam/token_exchange.go:88.132,95.2 4 5
github.com/IBM/ibmcloud-volume-interface/provider/iam/token_exchange.go:98.129,106.2 5 5
github.com/IBM/ibmcloud-volume-interface/provider/iam/token_exchange.go:109.120,117.2 5 1
github.com/IBM/ibmcloud-volume-interface/provider/iam/token_exchange.go:120.126,127.2 4 4
github.com/IBM/ibmcloud-volume-interface/provider/iam/token_exchange.go:130.79,133.55 3 9
github.com/IBM/ibmcloud-volume-interface/provider/iam/token_exchange.go:137.2,137.16 1 9
github.com/IBM/ibmcloud-volume-interface/provider/iam/token_exchange.go:140.2,140.54 1 2
github.com/IBM/ibmcloud-volume-interface/provider/iam/token_exchange.go:133.55,136.3 2 9
github.com/IBM/ibmcloud-volume-interface/provider/iam/token_exchange.go:137.16,139.3 1 7
github.com/IBM/ibmcloud-volume-interface/provider/iam/token_exchange.go:144.73,147.55 3 6
github.com/IBM/ibmcloud-volume-interface/provider/iam/token_exchange.go:152.2,152.16 1 6
github.com/IBM/ibmcloud-volume-interface/provider/iam/token_exchange.go:155.2,158.8 1 1
github.com/IBM/ibmcloud-volume-interface/provider/iam/token_exchange.go:147.55,150.3 2 6
github.com/IBM/ibmcloud-volume-interface/provider/iam/token_exchange.go:152.16,154.3 1 5
github.com/IBM/ibmcloud-volume-interface/provider/iam/token_exchange.go:162.100,173.2 4 15
github.com/IBM/ibmcloud-volume-interface/provider/iam/token_exchange.go:176.91,198.16 9 15
github.com/IBM/ibmcloud-volume-interface/provider/iam/token_exchange.go:208.2,208.43 1 10
github.com/IBM/ibmcloud-volume-interface/provider/iam/token_exchange.go:213.2,217.31 2 7
github.com/IBM/ibmcloud-volume-interface/provider/iam/token_exchange.go:236.2,241.45 2 3
github.com/IBM/ibmcloud-volume-interface/provider/iam/token_exchange.go:198.16,206.3 2 5
github.com/IBM/ibmcloud-volume-interface/provider/iam/token_exchange.go:208.43,211.3 2 3
github.com/IBM/ibmcloud-volume-interface/provider/iam/token_exchange.go:217.31,228.84 3 4
github.com/IBM/ibmcloud-volume-interface/provider/iam/token_exchange.go:233.3,233.18 1 4
github.com/IBM/ibmcloud-volume-interface/provider/iam/token_exchange.go:228.84,231.4 1 1
github.com/IBM/ibmcloud-volume-interface/provider/iam/token_exchange.go:245.40,246.16 1 15
github.com/IBM/ibmcloud-volume-interface/provider/iam/token_exchange.go:256.2,256.14 1 15
github.com/IBM/ibmcloud-volume-interface/provider/iam/token_exchange.go:246.16,249.38 2 12
github.com/IBM/ibmcloud-volume-interface/provider/iam/token_exchange.go:249.38,250.37 1 10
github.com/IBM/ibmcloud-volume-interface/provider/iam/token_exchange.go:250.37,253.5 1 0
github.com/IBM/ibmcloud-volume-interface/provider/iam/token_exchange.go:260.31,262.2 1 3
github.com/IBM/ibmcloud-volume-interface/provider/iam/token_validation.go:36.138,39.16 2 1
github.com/IBM/ibmcloud-volume-interface/provider/iam/token_validation.go:42.2,49.33 4 1
github.com/IBM/ibmcloud-volume-interface/provider/iam/token_validation.go:54.2,57.8 3 1
github.com/IBM/ibmcloud-volume-interface/provider/iam/token_validation.go:39.16,41.3 1 0
github.com/IBM/ibmcloud-volume-interface/provider/iam/token_validation.go:49.33,52.3 2 0
