mode: atomic
github.com/IBM/ibmcloud-volume-interface/lib/utils/error_types.go:64.37,66.8 2 3
github.com/IBM/ibmcloud-volume-interface/lib/utils/error_types.go:69.2,69.24 1 3
github.com/IBM/ibmcloud-volume-interface/lib/utils/error_types.go:66.8,68.3 1 0
github.com/IBM/ibmcloud-volume-interface/lib/utils/error_utils.go:34.79,36.2 1 18
github.com/IBM/ibmcloud-volume-interface/lib/utils/error_utils.go:42.123,43.16 1 23
github.com/IBM/ibmcloud-volume-interface/lib/utils/error_utils.go:46.2,47.28 2 23
github.com/IBM/ibmcloud-volume-interface/lib/utils/error_utils.go:55.2,62.3 1 23
github.com/IBM/ibmcloud-volume-interface/lib/utils/error_utils.go:43.16,45.3 1 2
github.com/IBM/ibmcloud-volume-interface/lib/utils/error_utils.go:47.28,48.15 1 29
github.com/IBM/ibmcloud-volume-interface/lib/utils/error_utils.go:48.15,50.47 2 23
github.com/IBM/ibmcloud-volume-interface/lib/utils/error_utils.go:50.47,52.5 1 4
github.com/IBM/ibmcloud-volume-interface/lib/utils/error_utils.go:67.48,68.75 1 6
github.com/IBM/ibmcloud-volume-interface/lib/utils/error_utils.go:71.2,71.19 1 3
github.com/IBM/ibmcloud-volume-interface/lib/utils/error_utils.go:68.75,70.3 1 3
github.com/IBM/ibmcloud-volume-interface/lib/utils/error_utils.go:75.55,76.50 1 2
github.com/IBM/ibmcloud-volume-interface/lib/utils/error_utils.go:81.2,81.37 1 1
github.com/IBM/ibmcloud-volume-interface/lib/utils/error_utils.go:76.50,77.38 1 1
github.com/IBM/ibmcloud-volume-interface/lib/utils/error_utils.go:77.38,79.4 1 1
github.com/IBM/ibmcloud-volume-interface/lib/utils/error_utils.go:86.46,87.16 1 4
github.com/IBM/ibmcloud-volume-interface/lib/utils/error_utils.go:90.2,90.50 1 2
github.com/IBM/ibmcloud-volume-interface/lib/utils/error_utils.go:93.2,96.3 1 1
github.com/IBM/ibmcloud-volume-interface/lib/utils/error_utils.go:87.16,89.3 1 2
github.com/IBM/ibmcloud-volume-interface/lib/utils/error_utils.go:90.50,92.3 1 1
github.com/IBM/ibmcloud-volume-interface/lib/utils/error_utils.go:101.48,102.18 1 2
github.com/IBM/ibmcloud-volume-interface/lib/utils/error_utils.go:105.2,105.38 1 1
github.com/IBM/ibmcloud-volume-interface/lib/utils/error_utils.go:102.18,104.3 1 1
github.com/IBM/ibmcloud-volume-interface/lib/utils/error_utils.go:109.64,111.74 2 4
github.com/IBM/ibmcloud-volume-interface/lib/utils/error_utils.go:114.2,115.33 2 3
github.com/IBM/ibmcloud-volume-interface/lib/utils/error_utils.go:118.2,119.12 2 1
github.com/IBM/ibmcloud-volume-interface/lib/utils/error_utils.go:111.74,113.3 1 1
github.com/IBM/ibmcloud-volume-interface/lib/utils/error_utils.go:115.33,117.3 1 2
github.com/IBM/ibmcloud-volume-interface/lib/utils/error_utils.go:125.40,126.50 1 3
github.com/IBM/ibmcloud-volume-interface/lib/utils/error_utils.go:132.2,132.23 1 2
github.com/IBM/ibmcloud-volume-interface/lib/utils/error_utils.go:126.50,130.3 1 1
github.com/IBM/ibmcloud-volume-interface/lib/utils/error_utils.go:143.101,149.2 1 0
github.com/IBM/ibmcloud-volume-interface/lib/utils/error_utils.go:152.76,155.20 3 0
github.com/IBM/ibmcloud-volume-interface/lib/utils/error_utils.go:172.2,172.12 1 0
github.com/IBM/ibmcloud-volume-interface/lib/utils/error_utils.go:155.20,158.17 3 0
github.com/IBM/ibmcloud-volume-interface/lib/utils/error_utils.go:161.3,161.17 1 0
github.com/IBM/ibmcloud-volume-interface/lib/utils/error_utils.go:165.3,165.32 1 0
github.com/IBM/ibmcloud-volume-interface/lib/utils/error_utils.go:168.3,169.58 2 0
github.com/IBM/ibmcloud-volume-interface/lib/utils/error_utils.go:158.17,159.9 1 0
github.com/IBM/ibmcloud-volume-interface/lib/utils/error_utils.go:161.17,163.4 1 0
github.com/IBM/ibmcloud-volume-interface/lib/utils/error_utils.go:165.32,166.9 1 0
github.com/IBM/ibmcloud-volume-interface/lib/utils/messages.go:36.35,38.2 1 2
github.com/IBM/ibmcloud-volume-interface/lib/utils/messages.go:41.34,43.2 1 2
github.com/IBM/ibmcloud-volume-interface/lib/utils/time_tracker.go:27.56,31.2 2 1
github.com/IBM/ibmcloud-volume-interface/lib/utils/data_utils.go:22.40,23.14 1 2
github.com/IBM/ibmcloud-volume-interface/lib/utils/data_utils.go:26.2,26.11 1 1
github.com/IBM/ibmcloud-volume-interface/lib/utils/data_utils.go:23.14,25.3 1 1
github.com/IBM/ibmcloud-volume-interface/lib/utils/data_utils.go:31.37,33.2 1 1
github.com/IBM/ibmcloud-volume-interface/config/config.go:30.32,32.2 1 12
github.com/IBM/ibmcloud-volume-interface/config/config.go:35.25,36.46 1 7
github.com/IBM/ibmcloud-volume-interface/config/config.go:39.2,39.11 1 5
github.com/IBM/ibmcloud-volume-interface/config/config.go:36.46,38.3 1 2
github.com/IBM/ibmcloud-volume-interface/config/config.go:53.71,55.20 1 2
github.com/IBM/ibmcloud-volume-interface/config/config.go:60.2,65.19 4 2
github.com/IBM/ibmcloud-volume-interface/config/config.go:55.20,57.3 1 1
github.com/IBM/ibmcloud-volume-interface/config/config.go:69.27,70.62 1 2
github.com/IBM/ibmcloud-volume-interface/config/config.go:74.2,74.29 1 1
github.com/IBM/ibmcloud-volume-interface/config/config.go:70.62,72.3 1 1
github.com/IBM/ibmcloud-volume-interface/config/config.go:78.30,79.62 1 2
github.com/IBM/ibmcloud-volume-interface/config/config.go:83.2,83.21 1 1
github.com/IBM/ibmcloud-volume-interface/config/config.go:79.62,81.3 1 1
github.com/IBM/ibmcloud-volume-interface/config/config.go:87.34,89.2 1 3
github.com/IBM/ibmcloud-volume-interface/config/config.go:92.79,94.16 2 5
github.com/IBM/ibmcloud-volume-interface/config/config.go:98.2,99.16 2 5
github.com/IBM/ibmcloud-volume-interface/config/config.go:102.2,102.12 1 5
github.com/IBM/ibmcloud-volume-interface/config/config.go:94.16,96.3 1 1
github.com/IBM/ibmcloud-volume-interface/config/config.go:99.16,101.3 1 0
github.com/IBM/ibmcloud-volume-interface/config/config.go:199.26,204.2 3 5
github.com/IBM/ibmcloud-volume-interface/config/tls.go:27.50,43.2 2 1
github.com/IBM/ibmcloud-volume-interface/config/tls.go:46.82,59.2 2 1
github.com/IBM/ibmcloud-volume-interface/provider/auth/apikey.go:27.147,34.2 1 1
github.com/IBM/ibmcloud-volume-interface/provider/auth/factory.go:33.106,37.16 3 1
github.com/IBM/ibmcloud-volume-interface/provider/auth/factory.go:40.2,42.8 1 1
github.com/IBM/ibmcloud-volume-interface/provider/auth/factory.go:37.16,39.3 1 0
github.com/IBM/ibmcloud-volume-interface/provider/auth/ims_token.go:39.133,41.16 2 0
github.com/IBM/ibmcloud-volume-interface/provider/auth/ims_token.go:47.2,48.16 2 0
github.com/IBM/ibmcloud-volume-interface/provider/auth/ims_token.go:54.2,54.39 1 0
github.com/IBM/ibmcloud-volume-interface/provider/auth/ims_token.go:41.16,45.3 2 0
github.com/IBM/ibmcloud-volume-interface/provider/auth/ims_token.go:48.16,52.3 2 0
github.com/IBM/ibmcloud-volume-interface/provider/auth/ims_token.go:58.138,60.16 2 0
github.com/IBM/ibmcloud-volume-interface/provider/auth/ims_token.go:66.2,66.49 1 0
github.com/IBM/ibmcloud-volume-interface/provider/auth/ims_token.go:60.16,64.3 2 0
github.com/IBM/ibmcloud-volume-interface/provider/auth/ims_token.go:70.129,72.16 2 0
github.com/IBM/ibmcloud-volume-interface/provider/auth/ims_token.go:76.2,77.16 2 0
github.com/IBM/ibmcloud-volume-interface/provider/auth/ims_token.go:82.2,82.61 1 0
github.com/IBM/ibmcloud-volume-interface/provider/auth/ims_token.go:72.16,75.3 2 0
github.com/IBM/ibmcloud-volume-interface/provider/auth/ims_token.go:77.16,80.3 2 0
github.com/IBM/ibmcloud-volume-interface/provider/auth/ims_token.go:86.91,93.2 1 0
github.com/IBM/ibmcloud-volume-interface/provider/auth/ims_token.go:96.106,102.2 1 0
